<?xml version="1.0" encoding="UTF-8"?>
<!-- Generated by org.testng.reporters.JUnitXMLReporter -->
<testsuite ignored="0" hostname="lgvn181384" failures="5" tests="9" name="Chrome Test" time="99.62" errors="0" timestamp="2021-03-08T00:03:09 ICT">
  <testcase classname="searchweather.SearchCurrentWeather" name="searchCurrentWeather" time="2.692"/>
  <testcase classname="searchweather.SearchCurrentWeather" name="searchCurrentWeather" time="11.538">
    <failure type="java.lang.AssertionError" message="AUT bug!!! Not Found is not retured when searching weather in an invalid city: US, expected [true] but found [false]">
      <![CDATA[java.lang.AssertionError: AUT bug!!! Not Found is not retured when searching weather in an invalid city: US, expected [true] but found [false]
at searchweather.SearchCurrentWeather.searchCurrentWeather(SearchCurrentWeather.java:82)
at java.base/java.util.ArrayList.forEach(ArrayList.java:1511)
at java.base/java.util.concurrent.FutureTask.run(FutureTask.java:264)
at java.base/java.util.concurrent.ThreadPoolExecutor.runWorker(ThreadPoolExecutor.java:1130)
at java.base/java.util.concurrent.ThreadPoolExecutor$Worker.run(ThreadPoolExecutor.java:630)
at java.base/java.lang.Thread.run(Thread.java:832)
... Removed 23 stack frames]]>
    </failure>
  </testcase> <!-- searchCurrentWeather -->
  <testcase classname="searchweather.SearchCurrentWeather" name="searchCurrentWeather" time="2.197"/>
  <testcase classname="searchweather.SearchCurrentWeather" name="searchCurrentWeather" time="1.414"/>
  <testcase classname="searchweather.SearchCurrentWeather" name="searchCurrentWeather" time="11.846">
    <failure type="java.lang.AssertionError" message="AUT bug!!! Not Found is not retured when searching weather in an invalid city: ????, expected [true] but found [false]">
      <![CDATA[java.lang.AssertionError: AUT bug!!! Not Found is not retured when searching weather in an invalid city: ????, expected [true] but found [false]
at searchweather.SearchCurrentWeather.searchCurrentWeather(SearchCurrentWeather.java:82)
at java.base/java.util.ArrayList.forEach(ArrayList.java:1511)
at java.base/java.util.concurrent.FutureTask.run(FutureTask.java:264)
at java.base/java.util.concurrent.ThreadPoolExecutor.runWorker(ThreadPoolExecutor.java:1130)
at java.base/java.util.concurrent.ThreadPoolExecutor$Worker.run(ThreadPoolExecutor.java:630)
at java.base/java.lang.Thread.run(Thread.java:832)
... Removed 23 stack frames]]>
    </failure>
  </testcase> <!-- searchCurrentWeather -->
  <testcase classname="searchweather.SearchCurrentWeather" name="searchCurrentWeather" time="12.601">
    <failure type="java.lang.AssertionError" message="AUT bug!!! Not Found is not retured when searching weather in an invalid city: ,,,,, expected [true] but found [false]">
      <![CDATA[java.lang.AssertionError: AUT bug!!! Not Found is not retured when searching weather in an invalid city: ,,,,, expected [true] but found [false]
at searchweather.SearchCurrentWeather.searchCurrentWeather(SearchCurrentWeather.java:82)
at java.base/java.util.ArrayList.forEach(ArrayList.java:1511)
at java.base/java.util.concurrent.FutureTask.run(FutureTask.java:264)
at java.base/java.util.concurrent.ThreadPoolExecutor.runWorker(ThreadPoolExecutor.java:1130)
at java.base/java.util.concurrent.ThreadPoolExecutor$Worker.run(ThreadPoolExecutor.java:630)
at java.base/java.lang.Thread.run(Thread.java:832)
... Removed 23 stack frames]]>
    </failure>
  </testcase> <!-- searchCurrentWeather -->
  <testcase classname="searchweather.SearchCurrentWeather" name="searchCurrentWeather" time="2.474"/>
  <testcase classname="searchweather.SearchCurrentWeather" name="searchCurrentWeather" time="11.655">
    <failure type="java.lang.AssertionError" message="AUT bug!!! Not Found is not retured when searching weather in an invalid city: This city does not exist in the world! This city does not exist in the world! This city does not exist in the world! This city does not exist in the world!, expected [true] but found [false]">
      <![CDATA[java.lang.AssertionError: AUT bug!!! Not Found is not retured when searching weather in an invalid city: This city does not exist in the world! This city does not exist in the world! This city does not exist in the world! This city does not exist in the world!, expected [true] but found [false]
at searchweather.SearchCurrentWeather.searchCurrentWeather(SearchCurrentWeather.java:82)
at java.base/java.util.ArrayList.forEach(ArrayList.java:1511)
at java.base/java.util.concurrent.FutureTask.run(FutureTask.java:264)
at java.base/java.util.concurrent.ThreadPoolExecutor.runWorker(ThreadPoolExecutor.java:1130)
at java.base/java.util.concurrent.ThreadPoolExecutor$Worker.run(ThreadPoolExecutor.java:630)
at java.base/java.lang.Thread.run(Thread.java:832)
... Removed 23 stack frames]]>
    </failure>
  </testcase> <!-- searchCurrentWeather -->
  <testcase classname="searchweather.SearchForecastWeather" name="searchForecastWeather" time="17.669">
    <failure type="org.openqa.selenium.ElementClickInterceptedException" message="element click intercepted: Element &amp;lt;a href=&amp;quot;/city/6058560&amp;quot;&amp;gt;...&amp;lt;/a&amp;gt; is not clickable at point (306, 482). Other element would receive the click: &amp;lt;p class=&amp;quot;stick-footer-panel__description&amp;quot;&amp;gt;...&amp;lt;/p&amp;gt;
  (Session info: chrome=88.0.4324.190)
Build info: version: &amp;apos;3.141.59&amp;apos;, revision: &amp;apos;e82be7d358&amp;apos;, time: &amp;apos;2018-11-14T08:17:03&amp;apos;
System info: host: &amp;apos;LGVN181384&amp;apos;, ip: &amp;apos;192.168.1.2&amp;apos;, os.name: &amp;apos;Windows 10&amp;apos;, os.arch: &amp;apos;amd64&amp;apos;, os.version: &amp;apos;10.0&amp;apos;, java.version: &amp;apos;15.0.2&amp;apos;
Driver info: org.openqa.selenium.chrome.ChromeDriver
Capabilities {acceptInsecureCerts: false, browserName: chrome, browserVersion: 88.0.4324.190, chrome: {chromedriverVersion: 88.0.4324.96 (68dba2d8a0b14..., userDataDir: C:\Users\hai.vu\AppData\Loc...}, goog:chromeOptions: {debuggerAddress: localhost:50804}, javascriptEnabled: true, networkConnectionEnabled: false, pageLoadStrategy: normal, platform: WINDOWS, platformName: WINDOWS, proxy: Proxy(), setWindowRect: true, strictFileInteractability: false, timeouts: {implicit: 0, pageLoad: 300000, script: 30000}, unhandledPromptBehavior: dismiss and notify, webauthn:extension:largeBlob: true, webauthn:virtualAuthenticators: true}
Session ID: 1fab75a6d46d17d95d6701fddee4cf80">
      <![CDATA[org.openqa.selenium.ElementClickInterceptedException: element click intercepted: Element <a href="/city/6058560">...</a> is not clickable at point (306, 482). Other element would receive the click: <p class="stick-footer-panel__description">...</p>
  (Session info: chrome=88.0.4324.190)
Build info: version: '3.141.59', revision: 'e82be7d358', time: '2018-11-14T08:17:03'
System info: host: 'LGVN181384', ip: '192.168.1.2', os.name: 'Windows 10', os.arch: 'amd64', os.version: '10.0', java.version: '15.0.2'
Driver info: org.openqa.selenium.chrome.ChromeDriver
Capabilities {acceptInsecureCerts: false, browserName: chrome, browserVersion: 88.0.4324.190, chrome: {chromedriverVersion: 88.0.4324.96 (68dba2d8a0b14..., userDataDir: C:\Users\hai.vu\AppData\Loc...}, goog:chromeOptions: {debuggerAddress: localhost:50804}, javascriptEnabled: true, networkConnectionEnabled: false, pageLoadStrategy: normal, platform: WINDOWS, platformName: WINDOWS, proxy: Proxy(), setWindowRect: true, strictFileInteractability: false, timeouts: {implicit: 0, pageLoad: 300000, script: 30000}, unhandledPromptBehavior: dismiss and notify, webauthn:extension:largeBlob: true, webauthn:virtualAuthenticators: true}
Session ID: 1fab75a6d46d17d95d6701fddee4cf80
at org.openqa.selenium.remote.http.W3CHttpResponseCodec.createException(W3CHttpResponseCodec.java:187)
at org.openqa.selenium.remote.http.W3CHttpResponseCodec.decode(W3CHttpResponseCodec.java:122)
at org.openqa.selenium.remote.http.W3CHttpResponseCodec.decode(W3CHttpResponseCodec.java:49)
at org.openqa.selenium.remote.HttpCommandExecutor.execute(HttpCommandExecutor.java:158)
at org.openqa.selenium.remote.service.DriverCommandExecutor.execute(DriverCommandExecutor.java:83)
at org.openqa.selenium.remote.RemoteWebDriver.execute(RemoteWebDriver.java:552)
at org.openqa.selenium.remote.RemoteWebElement.execute(RemoteWebElement.java:285)
at org.openqa.selenium.remote.RemoteWebElement.click(RemoteWebElement.java:84)
at pages.FindWeatherPage.searchForecastWeather(FindWeatherPage.java:165)
at searchweather.SearchForecastWeather.searchForecastWeather(SearchForecastWeather.java:63)
at java.base/java.util.ArrayList.forEach(ArrayList.java:1511)
at java.base/java.util.concurrent.FutureTask.run(FutureTask.java:264)
at java.base/java.util.concurrent.ThreadPoolExecutor.runWorker(ThreadPoolExecutor.java:1130)
at java.base/java.util.concurrent.ThreadPoolExecutor$Worker.run(ThreadPoolExecutor.java:630)
at java.base/java.lang.Thread.run(Thread.java:832)
... Removed 23 stack frames]]>
    </failure>
  </testcase> <!-- searchForecastWeather -->
</testsuite> <!-- Chrome Test -->
